PDI : 4901, CHECK TIME : 2023-08-10 00:10:56
PDI : 4901, Attempt To Find Flag 285 Times
PDI : 4901, Flag Is Not Exist!
PDI : 4901, =====================FLAG CHECK END=====================
PDI : 4901, ====================FLAG CHECK START====================
PDI : 4901, CHECK TIME : 2023-08-10 00:27:48
PDI : 4901, Attempt To Find Flag 286 Times
PDI : 4901, Flag Is Not Exist!
PDI : 4901, =====================FLAG CHECK END=====================
PDI : 4901, ====================FLAG CHECK START====================
PDI : 4901, CHECK TIME : 2023-08-10 00:44:41
PDI : 4901, Attempt To Find Flag 287 Times
PDI : 4901, Flag Is Not Exist!
PDI : 4901, =====================FLAG CHECK END=====================
PDI : 4901, ====================FLAG CHECK START====================
PDI : 4901, CHECK TIME : 2023-08-10 01:00:42
PDI : 4901, Attempt To Find Flag 288 Times
PDI : 4901, Flag Is Not Exist!
PDI : 4901, =====================FLAG CHECK END=====================
PDI : 4901, ====================FLAG CHECK START====================
PDI : 4901, CHECK TIME : 2023-08-10 01:17:39
PDI : 4901, Attempt To Find Flag 289 Times
PDI : 4901, Flag Is Not Exist!
PDI : 4901, =====================FLAG CHECK END=====================
PDI : 4901, ====================FLAG CHECK START====================
PDI : 4901, CHECK TIME : 2023-08-10 01:50:26
PDI : 4901, Attempt To Find Flag 290 Times
PDI : 4901, Flag Is Not Exist!
PDI : 4901, =====================FLAG CHECK END=====================
PDI : 4901, ====================FLAG CHECK START====================
PDI : 4901, CHECK TIME : 2023-08-10 02:06:56
PDI : 4901, Attempt To Find Flag 291 Times
PDI : 4901, Flag Is Not Exist!
PDI : 4901, =====================FLAG CHECK END=====================
PDI : 4901, ====================FLAG CHECK START====================
PDI : 4901, CHECK TIME : 2023-08-10 02:24:42
PDI : 4901, Attempt To Find Flag 292 Times
PDI : 4901, Flag Is Not Exist!
PDI : 4901, =====================FLAG CHECK END=====================
PDI : 4901, ====================FLAG CHECK START====================
PDI : 4901, CHECK TIME : 2023-08-10 02:42:58
PDI : 4901, Attempt To Find Flag 293 Times
PDI : 4901, Flag Is Not Exist!
PDI : 4901, =====================FLAG CHECK END=====================
PDI : 4901, ====================FLAG CHECK START====================
PDI : 4901, CHECK TIME : 2023-08-10 02:59:47
PDI : 4901, Attempt To Find Flag 294 Times
PDI : 4901, Flag Is Not Exist!
PDI : 4901, =====================FLAG CHECK END=====================
PDI : 4901, ====================FLAG CHECK START====================
PDI : 4901, CHECK TIME : 2023-08-10 03:17:25
PDI : 4901, Attempt To Find Flag 295 Times
PDI : 4901, Flag Is Not Exist!
PDI : 4901, =====================FLAG CHECK END=====================
PDI : 4901, ====================FLAG CHECK START====================
PDI : 4901, CHECK TIME : 2023-08-10 03:49:47
PDI : 4901, Attempt To Find Flag 296 Times
PDI : 4901, Flag Is Not Exist!
PDI : 4901, =====================FLAG CHECK END=====================
PDI : 4901, ====================FLAG CHECK START====================
PDI : 4901, CHECK TIME : 2023-08-10 04:05:47
PDI : 4901, Attempt To Find Flag 297 Times
PDI : 4901, Flag Is Not Exist!
PDI : 4901, =====================FLAG CHECK END=====================
PDI : 4901, ====================FLAG CHECK START====================
PDI : 4901, CHECK TIME : 2023-08-10 04:22:56
PDI : 4901, Attempt To Find Flag 298 Times
PDI : 4901, Flag Is Not Exist!
PDI : 4901, =====================FLAG CHECK END=====================
PDI : 4901, ====================FLAG CHECK START====================
PDI : 4901, CHECK TIME : 2023-08-10 04:23:56
PDI : 4901, Attempt To Find Flag 299 Times
PDI : 4901, Flag Is Not Exist!
PDI : 4901, =====================FLAG CHECK END=====================
PDI : 4901, ====================FLAG CHECK START====================
PDI : 4901, CHECK TIME : 2023-08-10 04:40:34
PDI : 4901, Attempt To Find Flag 300 Times
PDI : 4901, Flag Is Not Exist!
PDI : 4901, =====================FLAG CHECK END=====================
PDI : 4901, ====================FLAG CHECK START====================
PDI : 4901, CHECK TIME : 2023-08-10 04:57:16
PDI : 4901, Attempt To Find Flag 301 Times
PDI : 4901, Flag Is Not Exist!
PDI : 4901, =====================FLAG CHECK END=====================
PDI : 4901, ====================FLAG CHECK START====================
PDI : 4901, CHECK TIME : 2023-08-10 05:13:37
PDI : 4901, Attempt To Find Flag 302 Times
PDI : 4901, Flag Is Not Exist!
PDI : 4901, =====================FLAG CHECK END=====================
PDI : 4901, ====================FLAG CHECK START====================
PDI : 4901, CHECK TIME : 2023-08-10 05:47:11
PDI : 4901, Attempt To Find Flag 303 Times
PDI : 4901, Flag Is Not Exist!
PDI : 4901, =====================FLAG CHECK END=====================
PDI : 4901, ====================FLAG CHECK START====================
PDI : 4901, CHECK TIME : 2023-08-10 05:48:11
PDI : 4901, Attempt To Find Flag 304 Times
PDI : 4901, Flag Is Not Exist!
PDI : 4901, =====================FLAG CHECK END=====================
PDI : 4901, ====================FLAG CHECK START====================
PDI : 4901, CHECK TIME : 2023-08-10 06:15:46
PDI : 4901, Attempt To Find Flag 305 Times
PDI : 4901, Flag Is Not Exist!
PDI : 4901, =====================FLAG CHECK END=====================
PDI : 4901, ====================FLAG CHECK START====================
PDI : 4901, CHECK TIME : 2023-08-10 06:33:43
PDI : 4901, Attempt To Find Flag 306 Times
PDI : 4901, Flag Is Not Exist!
PDI : 4901, =====================FLAG CHECK END=====================
PDI : 4901, ====================FLAG CHECK START====================
PDI : 4901, CHECK TIME : 2023-08-10 06:51:23
PDI : 4901, Attempt To Find Flag 307 Times
PDI : 4901, Flag Is Not Exist!
PDI : 4901, =====================FLAG CHECK END=====================
PDI : 4901, ====================FLAG CHECK START====================
PDI : 4901, CHECK TIME : 2023-08-10 07:08:27
PDI : 4901, Attempt To Find Flag 308 Times
PDI : 4901, Flag Is Not Exist!
PDI : 4901, =====================FLAG CHECK END=====================
PDI : 4901, ====================FLAG CHECK START====================
PDI : 4901, CHECK TIME : 2023-08-10 07:26:37
PDI : 4901, Attempt To Find Flag 309 Times
PDI : 4901, Flag Is Not Exist!
PDI : 4901, =====================FLAG CHECK END=====================
PDI : 4901, ====================FLAG CHECK START====================
PDI : 4901, CHECK TIME : 2023-08-10 07:59:47
PDI : 4901, Attempt To Find Flag 310 Times
PDI : 4901, Flag Is Not Exist!
PDI : 4901, =====================FLAG CHECK END=====================
PDI : 4901, ====================FLAG CHECK START====================
PDI : 4901, CHECK TIME : 2023-08-10 08:17:30
PDI : 4901, Attempt To Find Flag 311 Times
PDI : 4901, Flag Is Not Exist!
PDI : 4901, =====================FLAG CHECK END=====================
PDI : 4901, ====================FLAG CHECK START====================
PDI : 4901, CHECK TIME : 2023-08-10 08:33:59
PDI : 4901, Attempt To Find Flag 312 Times
PDI : 4901, Flag Is Not Exist!
PDI : 4901, =====================FLAG CHECK END=====================
PDI : 4901, ====================FLAG CHECK START====================
PDI : 4901, CHECK TIME : 2023-08-10 08:50:20
PDI : 4901, Attempt To Find Flag 313 Times
PDI : 4901, Flag Is Not Exist!
PDI : 4901, =====================FLAG CHECK END=====================
PDI : 4901, ====================FLAG CHECK START====================
PDI : 4901, CHECK TIME : 2023-08-10 08:51:20
PDI : 4901, Attempt To Find Flag 314 Times
PDI : 4901, Flag Is Not Exist!
PDI : 4901, =====================FLAG CHECK END=====================
PDI : 4901, ====================FLAG CHECK START====================
PDI : 4901, CHECK TIME : 2023-08-10 08:52:20
PDI : 4901, Attempt To Find Flag 315 Times
PDI : 4901, Flag Is Not Exist!
PDI : 4901, =====================FLAG CHECK END=====================
PDI : 4901, ====================FLAG CHECK START====================
PDI : 4901, CHECK TIME : 2023-08-10 08:53:20
PDI : 4901, Attempt To Find Flag 316 Times
PDI : 4901, Flag Is Not Exist!
PDI : 4901, =====================FLAG CHECK END=====================
PDI : 4901, ====================FLAG CHECK START====================
PDI : 4901, CHECK TIME : 2023-08-10 08:54:21
PDI : 4901, Attempt To Find Flag 317 Times
PDI : 4901, Flag Is Not Exist!
PDI : 4901, =====================FLAG CHECK END=====================
PDI : 4901, ====================FLAG CHECK START====================
PDI : 4901, CHECK TIME : 2023-08-10 08:55:21
PDI : 4901, Attempt To Find Flag 318 Times
PDI : 4901, Flag Is Not Exist!
PDI : 4901, =====================FLAG CHECK END=====================
PDI : 4901, ====================FLAG CHECK START====================
PDI : 4901, CHECK TIME : 2023-08-10 08:56:21
PDI : 4901, Attempt To Find Flag 319 Times
PDI : 4901, Flag Is Not Exist!
PDI : 4901, =====================FLAG CHECK END=====================
PDI : 4901, ====================FLAG CHECK START====================
PDI : 4901, CHECK TIME : 2023-08-10 08:57:21
PDI : 4901, Attempt To Find Flag 320 Times
PDI : 4901, Flag Is Not Exist!
PDI : 4901, =====================FLAG CHECK END=====================
PDI : 4901, ====================FLAG CHECK START====================
PDI : 4901, CHECK TIME : 2023-08-10 08:58:21
PDI : 4901, Attempt To Find Flag 321 Times
PDI : 4901, Flag Is Not Exist!
PDI : 4901, =====================FLAG CHECK END=====================
PDI : 4901, ====================FLAG CHECK START====================
PDI : 4901, CHECK TIME : 2023-08-10 08:59:21
PDI : 4901, Attempt To Find Flag 322 Times
PDI : 4901, Flag Is Not Exist!
PDI : 4901, =====================FLAG CHECK END=====================
PDI : 4901, ====================FLAG CHECK START====================
PDI : 4901, CHECK TIME : 2023-08-10 09:00:21
PDI : 4901, Attempt To Find Flag 323 Times
PDI : 4901, Flag Is Not Exist!
PDI : 4901, =====================FLAG CHECK END=====================
PDI : 4901, ====================FLAG CHECK START====================
PDI : 4901, CHECK TIME : 2023-08-10 09:01:21
PDI : 4901, Attempt To Find Flag 324 Times
PDI : 4901, Flag Is Not Exist!
PDI : 4901, =====================FLAG CHECK END=====================
PDI : 4901, ====================FLAG CHECK START====================
PDI : 4901, CHECK TIME : 2023-08-10 09:02:21
PDI : 4901, Attempt To Find Flag 325 Times
PDI : 4901, Flag Is Not Exist!
PDI : 4901, =====================FLAG CHECK END=====================
PDI : 4901, ====================FLAG CHECK START====================
PDI : 4901, CHECK TIME : 2023-08-10 09:03:21
PDI : 4901, Attempt To Find Flag 326 Times
PDI : 4901, Flag Is Not Exist!
PDI : 4901, =====================FLAG CHECK END=====================
PDI : 4901, ====================FLAG CHECK START====================
PDI : 4901, CHECK TIME : 2023-08-10 09:04:21
PDI : 4901, Attempt To Find Flag 327 Times
PDI : 4901, Flag Is Not Exist!
PDI : 4901, =====================FLAG CHECK END=====================
PDI : 4901, ====================FLAG CHECK START====================
PDI : 4901, CHECK TIME : 2023-08-10 09:21:29
PDI : 4901, Attempt To Find Flag 328 Times
PDI : 4901, Flag Is Not Exist!
PDI : 4901, =====================FLAG CHECK END=====================
PDI : 4901, ====================FLAG CHECK START====================
PDI : 4901, CHECK TIME : 2023-08-10 09:38:17
PDI : 4901, Attempt To Find Flag 329 Times
PDI : 4901, Flag Is Not Exist!
PDI : 4901, =====================FLAG CHECK END=====================
PDI : 4901, ====================FLAG CHECK START====================
PDI : 4901, CHECK TIME : 2023-08-10 09:55:47
PDI : 4901, Attempt To Find Flag 330 Times
PDI : 4901, Flag Is Not Exist!
PDI : 4901, =====================FLAG CHECK END=====================
PDI : 4901, ====================FLAG CHECK START====================
PDI : 4901, CHECK TIME : 2023-08-10 09:56:48
PDI : 4901, Attempt To Find Flag 331 Times
PDI : 4901, Flag Is Not Exist!
PDI : 4901, =====================FLAG CHECK END=====================
PDI : 4901, ====================FLAG CHECK START====================
PDI : 4901, CHECK TIME : 2023-08-10 09:57:48
PDI : 4901, Attempt To Find Flag 332 Times
PDI : 4901, Flag Is Not Exist!
PDI : 4901, =====================FLAG CHECK END=====================
PDI : 4901, ====================FLAG CHECK START====================
PDI : 4901, CHECK TIME : 2023-08-10 09:58:48
PDI : 4901, Attempt To Find Flag 333 Times
PDI : 4901, Flag Is Not Exist!
PDI : 4901, =====================FLAG CHECK END=====================
PDI : 4901, ====================FLAG CHECK START====================
PDI : 4901, CHECK TIME : 2023-08-10 09:59:48
PDI : 4901, Attempt To Find Flag 334 Times
PDI : 4901, Flag Is Not Exist!
PDI : 4901, =====================FLAG CHECK END=====================
PDI : 4901, ====================FLAG CHECK START====================
PDI : 4901, CHECK TIME : 2023-08-10 10:00:48
PDI : 4901, Attempt To Find Flag 335 Times
PDI : 4901, Flag Is Not Exist!
PDI : 4901, =====================FLAG CHECK END=====================
PDI : 4901, ====================FLAG CHECK START====================
PDI : 4901, CHECK TIME : 2023-08-10 10:01:48
PDI : 4901, Attempt To Find Flag 336 Times
PDI : 4901, Flag Is Not Exist!
PDI : 4901, =====================FLAG CHECK END=====================
PDI : 4901, ====================FLAG CHECK START====================
PDI : 4901, CHECK TIME : 2023-08-10 10:02:48
PDI : 4901, Attempt To Find Flag 337 Times
PDI : 4901, Flag Is Not Exist!
PDI : 4901, =====================FLAG CHECK END=====================
PDI : 4901, ====================FLAG CHECK START====================
PDI : 4901, CHECK TIME : 2023-08-10 10:03:48
PDI : 4901, Attempt To Find Flag 338 Times
PDI : 4901, Flag Is Not Exist!
PDI : 4901, =====================FLAG CHECK END=====================
PDI : 4901, ====================FLAG CHECK START====================
PDI : 4901, CHECK TIME : 2023-08-10 10:04:48
PDI : 4901, Attempt To Find Flag 339 Times
PDI : 4901, Flag Is Not Exist!
PDI : 4901, =====================FLAG CHECK END=====================
PDI : 4901, ====================FLAG CHECK START====================
PDI : 4901, CHECK TIME : 2023-08-10 10:05:48
PDI : 4901, Attempt To Find Flag 340 Times
PDI : 4901, Flag Is Not Exist!
PDI : 4901, =====================FLAG CHECK END=====================
PDI : 4901, ====================FLAG CHECK START====================
PDI : 4901, CHECK TIME : 2023-08-10 10:06:48
PDI : 4901, Attempt To Find Flag 341 Times
PDI : 4901, Flag Is Not Exist!
PDI : 4901, =====================FLAG CHECK END=====================
PDI : 4901, ====================FLAG CHECK START====================
PDI : 4901, CHECK TIME : 2023-08-10 10:07:48
PDI : 4901, Attempt To Find Flag 342 Times
PDI : 4901, Flag Is Not Exist!
PDI : 4901, =====================FLAG CHECK END=====================
PDI : 4901, ====================FLAG CHECK START====================
PDI : 4901, CHECK TIME : 2023-08-10 10:08:49
PDI : 4901, Attempt To Find Flag 343 Times
PDI : 4901, Flag Is Not Exist!
PDI : 4901, =====================FLAG CHECK END=====================
PDI : 4901, ====================FLAG CHECK START====================
PDI : 4901, CHECK TIME : 2023-08-10 10:09:49
PDI : 4901, Attempt To Find Flag 344 Times
PDI : 4901, Flag Is Not Exist!
PDI : 4901, =====================FLAG CHECK END=====================
PDI : 4901, ====================FLAG CHECK START====================
PDI : 4901, CHECK TIME : 2023-08-10 10:10:49
PDI : 4901, Attempt To Find Flag 345 Times
PDI : 4901, Flag Is Not Exist!
PDI : 4901, =====================FLAG CHECK END=====================
PDI : 4901, ====================FLAG CHECK START====================
PDI : 4901, CHECK TIME : 2023-08-10 10:11:49
PDI : 4901, Attempt To Find Flag 346 Times
PDI : 4901, Flag Is Not Exist!
PDI : 4901, =====================FLAG CHECK END=====================
PDI : 4901, ====================FLAG CHECK START====================
PDI : 4901, CHECK TIME : 2023-08-10 10:12:49
PDI : 4901, Attempt To Find Flag 347 Times
PDI : 4901, Flag Is Not Exist!
PDI : 4901, =====================FLAG CHECK END=====================
PDI : 4901, ====================FLAG CHECK START====================
PDI : 4901, CHECK TIME : 2023-08-10 10:13:49
PDI : 4901, Attempt To Find Flag 348 Times
PDI : 4901, Flag Is Not Exist!
PDI : 4901, =====================FLAG CHECK END=====================
PDI : 4901, ====================FLAG CHECK START====================
PDI : 4901, CHECK TIME : 2023-08-10 10:14:49
PDI : 4901, Attempt To Find Flag 349 Times
PDI : 4901, Flag Is Not Exist!
PDI : 4901, =====================FLAG CHECK END=====================
PDI : 4901, ====================FLAG CHECK START====================
PDI : 4901, CHECK TIME : 2023-08-10 10:15:49
PDI : 4901, Attempt To Find Flag 350 Times
PDI : 4901, Flag Is Not Exist!
PDI : 4901, =====================FLAG CHECK END=====================
PDI : 4901, ====================FLAG CHECK START====================
PDI : 4901, CHECK TIME : 2023-08-10 10:16:49
PDI : 4901, Attempt To Find Flag 351 Times
PDI : 4901, Flag Is Not Exist!
PDI : 4901, =====================FLAG CHECK END=====================
PDI : 4901, ====================FLAG CHECK START====================
PDI : 4901, CHECK TIME : 2023-08-10 10:17:49
PDI : 4901, Attempt To Find Flag 352 Times
PDI : 4901, Flag Is Not Exist!
PDI : 4901, =====================FLAG CHECK END=====================
PDI : 4901, ====================FLAG CHECK START====================
PDI : 4901, CHECK TIME : 2023-08-10 10:18:49
PDI : 4901, Attempt To Find Flag 353 Times
PDI : 4901, Flag Is Not Exist!
PDI : 4901, =====================FLAG CHECK END=====================
PDI : 4901, ====================FLAG CHECK START====================
PDI : 4901, CHECK TIME : 2023-08-10 10:19:49
PDI : 4901, Attempt To Find Flag 354 Times
PDI : 4901, Flag Is Not Exist!
PDI : 4901, =====================FLAG CHECK END=====================
PDI : 4901, ====================FLAG CHECK START====================
PDI : 4901, CHECK TIME : 2023-08-10 10:20:49
PDI : 4901, Attempt To Find Flag 355 Times
PDI : 4901, Flag Is Not Exist!
PDI : 4901, =====================FLAG CHECK END=====================
PDI : 4901, ====================FLAG CHECK START====================
PDI : 4901, CHECK TIME : 2023-08-10 10:21:50
PDI : 4901, Attempt To Find Flag 356 Times
PDI : 4901, Flag Is Not Exist!
PDI : 4901, =====================FLAG CHECK END=====================
PDI : 4901, ====================FLAG CHECK START====================
PDI : 4901, CHECK TIME : 2023-08-10 10:22:50
PDI : 4901, Attempt To Find Flag 357 Times
PDI : 4901, Flag Is Not Exist!
PDI : 4901, =====================FLAG CHECK END=====================
PDI : 4901, ====================FLAG CHECK START====================
PDI : 4901, CHECK TIME : 2023-08-10 10:23:50
PDI : 4901, Attempt To Find Flag 358 Times
PDI : 4901, Flag Is Not Exist!
PDI : 4901, =====================FLAG CHECK END=====================
PDI : 4901, ====================FLAG CHECK START====================
PDI : 4901, CHECK TIME : 2023-08-10 10:24:50
PDI : 4901, Attempt To Find Flag 359 Times
PDI : 4901, Flag Is Not Exist!
PDI : 4901, =====================FLAG CHECK END=====================
PDI : 4901, ====================FLAG CHECK START====================
PDI : 4901, CHECK TIME : 2023-08-10 10:25:50
PDI : 4901, Attempt To Find Flag 360 Times
PDI : 4901, Flag Is Not Exist!
PDI : 4901, =====================FLAG CHECK END=====================
PDI : 4901, ====================FLAG CHECK START====================
PDI : 4901, CHECK TIME : 2023-08-10 10:26:50
PDI : 4901, Attempt To Find Flag 361 Times
PDI : 4901, Flag Is Not Exist!
PDI : 4901, =====================FLAG CHECK END=====================
PDI : 4901, ====================FLAG CHECK START====================
PDI : 4901, CHECK TIME : 2023-08-10 10:27:50
PDI : 4901, Attempt To Find Flag 362 Times
PDI : 4901, Flag Is Not Exist!
PDI : 4901, =====================FLAG CHECK END=====================
PDI : 4901, ====================FLAG CHECK START====================
PDI : 4901, CHECK TIME : 2023-08-10 10:28:50
PDI : 4901, Attempt To Find Flag 363 Times
PDI : 4901, Flag Is Not Exist!
PDI : 4901, =====================FLAG CHECK END=====================
PDI : 4901, ====================FLAG CHECK START====================
PDI : 4901, CHECK TIME : 2023-08-10 10:29:50
PDI : 4901, Attempt To Find Flag 364 Times
PDI : 4901, Flag Is Not Exist!
PDI : 4901, =====================FLAG CHECK END=====================
PDI : 4901, ====================FLAG CHECK START====================
PDI : 4901, CHECK TIME : 2023-08-10 10:30:50
PDI : 4901, Attempt To Find Flag 365 Times
PDI : 4901, Flag Is Not Exist!
PDI : 4901, =====================FLAG CHECK END=====================
PDI : 4901, ====================FLAG CHECK START====================
PDI : 4901, CHECK TIME : 2023-08-10 10:31:50
PDI : 4901, Attempt To Find Flag 366 Times
PDI : 4901, Flag Is Not Exist!
PDI : 4901, =====================FLAG CHECK END=====================
PDI : 4901, ====================FLAG CHECK START====================
PDI : 4901, CHECK TIME : 2023-08-10 10:32:50
PDI : 4901, Attempt To Find Flag 367 Times
PDI : 4901, Flag Is Not Exist!
PDI : 4901, =====================FLAG CHECK END=====================
PDI : 4901, ====================FLAG CHECK START====================
PDI : 4901, CHECK TIME : 2023-08-10 10:33:51
PDI : 4901, Attempt To Find Flag 368 Times
PDI : 4901, Flag Is Not Exist!
PDI : 4901, =====================FLAG CHECK END=====================
PDI : 4901, ====================FLAG CHECK START====================
PDI : 4901, CHECK TIME : 2023-08-10 10:34:51
PDI : 4901, Attempt To Find Flag 369 Times
PDI : 4901, Flag Is Not Exist!
PDI : 4901, =====================FLAG CHECK END=====================
PDI : 4901, ====================FLAG CHECK START====================
PDI : 4901, CHECK TIME : 2023-08-10 10:35:51
PDI : 4901, Attempt To Find Flag 370 Times
PDI : 4901, Flag Is Not Exist!
PDI : 4901, =====================FLAG CHECK END=====================
PDI : 4901, ====================FLAG CHECK START====================
PDI : 4901, CHECK TIME : 2023-08-10 10:36:51
PDI : 4901, Attempt To Find Flag 371 Times
PDI : 4901, Flag Is Not Exist!
PDI : 4901, =====================FLAG CHECK END=====================
PDI : 4901, ====================FLAG CHECK START====================
PDI : 4901, CHECK TIME : 2023-08-10 10:37:51
PDI : 4901, Attempt To Find Flag 372 Times
PDI : 4901, Flag Is Not Exist!
PDI : 4901, =====================FLAG CHECK END=====================
PDI : 4901, ====================FLAG CHECK START====================
PDI : 4901, CHECK TIME : 2023-08-10 10:38:51
PDI : 4901, Attempt To Find Flag 373 Times
PDI : 4901, Flag Is Not Exist!
PDI : 4901, =====================FLAG CHECK END=====================
PDI : 4901, ====================FLAG CHECK START====================
PDI : 4901, CHECK TIME : 2023-08-10 10:39:51
PDI : 4901, Attempt To Find Flag 374 Times
PDI : 4901, Flag Is Not Exist!
PDI : 4901, =====================FLAG CHECK END=====================
PDI : 4901, ====================FLAG CHECK START====================
PDI : 4901, CHECK TIME : 2023-08-10 10:40:51
PDI : 4901, Attempt To Find Flag 375 Times
PDI : 4901, Flag Is Not Exist!
PDI : 4901, =====================FLAG CHECK END=====================
PDI : 4901, ====================FLAG CHECK START====================
PDI : 4901, CHECK TIME : 2023-08-10 10:41:51
PDI : 4901, Attempt To Find Flag 376 Times
PDI : 4901, Flag Is Not Exist!
PDI : 4901, =====================FLAG CHECK END=====================
PDI : 4901, ====================FLAG CHECK START====================
PDI : 4901, CHECK TIME : 2023-08-10 10:42:51
PDI : 4901, Attempt To Find Flag 377 Times
PDI : 4901, Flag Is Not Exist!
PDI : 4901, =====================FLAG CHECK END=====================
PDI : 4901, ====================FLAG CHECK START====================
PDI : 4901, CHECK TIME : 2023-08-10 10:43:51
PDI : 4901, Attempt To Find Flag 378 Times
PDI : 4901, Flag Is Not Exist!
PDI : 4901, =====================FLAG CHECK END=====================
PDI : 4901, ====================FLAG CHECK START====================
PDI : 4901, CHECK TIME : 2023-08-10 10:44:51
PDI : 4901, Attempt To Find Flag 379 Times
PDI : 4901, Flag Is Not Exist!
PDI : 4901, =====================FLAG CHECK END=====================
PDI : 4901, ====================FLAG CHECK START====================
PDI : 4901, CHECK TIME : 2023-08-10 10:45:52
PDI : 4901, Attempt To Find Flag 380 Times
PDI : 4901, Flag Is Not Exist!
PDI : 4901, =====================FLAG CHECK END=====================
PDI : 4901, ====================FLAG CHECK START====================
PDI : 4901, CHECK TIME : 2023-08-10 10:46:52
PDI : 4901, Attempt To Find Flag 381 Times
PDI : 4901, Flag Is Not Exist!
PDI : 4901, =====================FLAG CHECK END=====================
PDI : 4901, ====================FLAG CHECK START====================
PDI : 4901, CHECK TIME : 2023-08-10 10:47:52
PDI : 4901, Attempt To Find Flag 382 Times
PDI : 4901, Flag Is Not Exist!
PDI : 4901, =====================FLAG CHECK END=====================
PDI : 4901, ====================FLAG CHECK START====================
PDI : 4901, CHECK TIME : 2023-08-10 10:48:52
PDI : 4901, Attempt To Find Flag 383 Times
PDI : 4901, Flag Is Not Exist!
PDI : 4901, =====================FLAG CHECK END=====================
PDI : 4901, ====================FLAG CHECK START====================
PDI : 4901, CHECK TIME : 2023-08-10 10:49:52
PDI : 4901, Attempt To Find Flag 384 Times
PDI : 4901, Flag Is Not Exist!
PDI : 4901, =====================FLAG CHECK END=====================
PDI : 4901, ====================FLAG CHECK START====================
PDI : 4901, CHECK TIME : 2023-08-10 10:50:52
PDI : 4901, Attempt To Find Flag 385 Times
PDI : 4901, Flag Is Not Exist!
PDI : 4901, =====================FLAG CHECK END=====================
PDI : 4901, ====================FLAG CHECK START====================
PDI : 4901, CHECK TIME : 2023-08-10 10:51:52
PDI : 4901, Attempt To Find Flag 386 Times
PDI : 4901, Flag Is Not Exist!
PDI : 4901, =====================FLAG CHECK END=====================
PDI : 4901, ====================FLAG CHECK START====================
PDI : 4901, CHECK TIME : 2023-08-10 10:52:52
PDI : 4901, Attempt To Find Flag 387 Times
PDI : 4901, Flag Is Not Exist!
PDI : 4901, =====================FLAG CHECK END=====================
PDI : 4901, ====================FLAG CHECK START====================
PDI : 4901, CHECK TIME : 2023-08-10 10:53:52
PDI : 4901, Attempt To Find Flag 388 Times
PDI : 4901, Flag Is Not Exist!
PDI : 4901, =====================FLAG CHECK END=====================
PDI : 4901, ====================FLAG CHECK START====================
PDI : 4901, CHECK TIME : 2023-08-10 10:54:52
PDI : 4901, Attempt To Find Flag 389 Times
PDI : 4901, Flag Is Not Exist!
PDI : 4901, =====================FLAG CHECK END=====================
PDI : 4901, ====================FLAG CHECK START====================
PDI : 4901, CHECK TIME : 2023-08-10 10:55:52
PDI : 4901, Attempt To Find Flag 390 Times
PDI : 4901, Flag Is Not Exist!
PDI : 4901, =====================FLAG CHECK END=====================
PDI : 4901, ====================FLAG CHECK START====================
PDI : 4901, CHECK TIME : 2023-08-10 10:56:52
PDI : 4901, Attempt To Find Flag 391 Times
PDI : 4901, Flag Is Not Exist!
PDI : 4901, =====================FLAG CHECK END=====================
PDI : 4901, ====================FLAG CHECK START====================
PDI : 4901, CHECK TIME : 2023-08-10 10:57:53
PDI : 4901, Attempt To Find Flag 392 Times
PDI : 4901, Flag Is Not Exist!
PDI : 4901, =====================FLAG CHECK END=====================
PDI : 4901, ====================FLAG CHECK START====================
PDI : 4901, CHECK TIME : 2023-08-10 10:58:53
PDI : 4901, Attempt To Find Flag 393 Times
PDI : 4901, Flag Is Not Exist!
PDI : 4901, =====================FLAG CHECK END=====================
PDI : 4901, ====================FLAG CHECK START====================
PDI : 4901, CHECK TIME : 2023-08-10 11:11:17
PDI : 4901, Attempt To Find Flag 394 Times
PDI : 4901, Flag Is Not Exist!
PDI : 4901, =====================FLAG CHECK END=====================
PDI : 4901, ====================FLAG CHECK START====================
PDI : 4901, CHECK TIME : 2023-08-10 11:12:17
PDI : 4901, Attempt To Find Flag 395 Times
PDI : 4901, Flag Is Not Exist!
PDI : 4901, =====================FLAG CHECK END=====================
PDI : 4901, ====================FLAG CHECK START====================
PDI : 4901, CHECK TIME : 2023-08-10 11:13:17
PDI : 4901, Attempt To Find Flag 396 Times
PDI : 4901, Flag Is Not Exist!
PDI : 4901, =====================FLAG CHECK END=====================
PDI : 4901, ====================FLAG CHECK START====================
PDI : 4901, CHECK TIME : 2023-08-10 11:14:17
PDI : 4901, Attempt To Find Flag 397 Times
PDI : 4901, Flag Is Not Exist!
PDI : 4901, =====================FLAG CHECK END=====================
PDI : 4901, ====================FLAG CHECK START====================
PDI : 4901, CHECK TIME : 2023-08-10 11:15:17
PDI : 4901, Attempt To Find Flag 398 Times
PDI : 4901, Flag Is Not Exist!
PDI : 4901, =====================FLAG CHECK END=====================
PDI : 4901, ====================FLAG CHECK START====================
PDI : 4901, CHECK TIME : 2023-08-10 11:16:17
PDI : 4901, Attempt To Find Flag 399 Times
PDI : 4901, Flag Is Not Exist!
PDI : 4901, =====================FLAG CHECK END=====================
PDI : 4901, ====================FLAG CHECK START====================
PDI : 4901, CHECK TIME : 2023-08-10 11:17:17
PDI : 4901, Attempt To Find Flag 400 Times
PDI : 4901, Flag Is Not Exist!
PDI : 4901, =====================FLAG CHECK END=====================
PDI : 4901, ====================FLAG CHECK START====================
PDI : 4901, CHECK TIME : 2023-08-10 11:18:17
PDI : 4901, Attempt To Find Flag 401 Times
PDI : 4901, Flag Is Not Exist!
PDI : 4901, =====================FLAG CHECK END=====================
PDI : 4901, ====================FLAG CHECK START====================
PDI : 4901, CHECK TIME : 2023-08-10 11:19:17
PDI : 4901, Attempt To Find Flag 402 Times
PDI : 4901, Flag Is Not Exist!
PDI : 4901, =====================FLAG CHECK END=====================
PDI : 4901, ====================FLAG CHECK START====================
PDI : 4901, CHECK TIME : 2023-08-10 11:20:17
PDI : 4901, Attempt To Find Flag 403 Times
PDI : 4901, Flag Is Not Exist!
PDI : 4901, =====================FLAG CHECK END=====================
PDI : 4901, ====================FLAG CHECK START====================
PDI : 4901, CHECK TIME : 2023-08-10 11:21:17
PDI : 4901, Attempt To Find Flag 404 Times
PDI : 4901, Flag Is Not Exist!
PDI : 4901, =====================FLAG CHECK END=====================
PDI : 4901, ====================FLAG CHECK START====================
PDI : 4901, CHECK TIME : 2023-08-10 11:22:17
PDI : 4901, Attempt To Find Flag 405 Times
PDI : 4901, Flag Is Not Exist!
PDI : 4901, =====================FLAG CHECK END=====================
PDI : 4901, ====================FLAG CHECK START====================
PDI : 4901, CHECK TIME : 2023-08-10 11:23:18
PDI : 4901, Attempt To Find Flag 406 Times
PDI : 4901, Flag Is Not Exist!
PDI : 4901, =====================FLAG CHECK END=====================
PDI : 4901, ====================FLAG CHECK START====================
PDI : 4901, CHECK TIME : 2023-08-10 11:24:18
PDI : 4901, Attempt To Find Flag 407 Times
PDI : 4901, Flag Is Not Exist!
PDI : 4901, =====================FLAG CHECK END=====================
PDI : 4901, ====================FLAG CHECK START====================
PDI : 4901, CHECK TIME : 2023-08-10 11:25:18
PDI : 4901, Attempt To Find Flag 408 Times
PDI : 4901, Flag Is Not Exist!
PDI : 4901, =====================FLAG CHECK END=====================
PDI : 4901, ====================FLAG CHECK START====================
PDI : 4901, CHECK TIME : 2023-08-10 11:26:18
PDI : 4901, Attempt To Find Flag 409 Times
PDI : 4901, Flag Is Not Exist!
PDI : 4901, =====================FLAG CHECK END=====================
PDI : 4901, ====================FLAG CHECK START====================
PDI : 4901, CHECK TIME : 2023-08-10 11:27:18
PDI : 4901, Attempt To Find Flag 410 Times
PDI : 4901, Flag Is Not Exist!
PDI : 4901, =====================FLAG CHECK END=====================
PDI : 4901, ====================FLAG CHECK START====================
PDI : 4901, CHECK TIME : 2023-08-10 11:28:18
PDI : 4901, Attempt To Find Flag 411 Times
PDI : 4901, Flag Is Not Exist!
PDI : 4901, =====================FLAG CHECK END=====================
PDI : 4901, ====================FLAG CHECK START====================
PDI : 4901, CHECK TIME : 2023-08-10 11:29:18
PDI : 4901, Attempt To Find Flag 412 Times
PDI : 4901, Flag Is Not Exist!
PDI : 4901, =====================FLAG CHECK END=====================
PDI : 4901, ====================FLAG CHECK START====================
PDI : 4901, CHECK TIME : 2023-08-10 11:30:18
PDI : 4901, Attempt To Find Flag 413 Times
PDI : 4901, Flag Is Not Exist!
PDI : 4901, =====================FLAG CHECK END=====================
PDI : 4901, ====================FLAG CHECK START====================
PDI : 4901, CHECK TIME : 2023-08-10 11:31:18
PDI : 4901, Attempt To Find Flag 414 Times
PDI : 4901, Flag Is Not Exist!
PDI : 4901, =====================FLAG CHECK END=====================
PDI : 4901, ====================FLAG CHECK START====================
PDI : 4901, CHECK TIME : 2023-08-10 11:32:18
PDI : 4901, Attempt To Find Flag 415 Times
PDI : 4901, Flag Is Not Exist!
PDI : 4901, =====================FLAG CHECK END=====================
PDI : 4901, ====================FLAG CHECK START====================
PDI : 4901, CHECK TIME : 2023-08-10 11:33:18
PDI : 4901, Attempt To Find Flag 416 Times
PDI : 4901, Flag Is Not Exist!
PDI : 4901, =====================FLAG CHECK END=====================
PDI : 4901, ====================FLAG CHECK START====================
PDI : 4901, CHECK TIME : 2023-08-10 11:34:18
PDI : 4901, Attempt To Find Flag 417 Times
PDI : 4901, Flag Is Not Exist!
PDI : 4901, =====================FLAG CHECK END=====================
PDI : 4901, ====================FLAG CHECK START====================
PDI : 4901, CHECK TIME : 2023-08-10 11:35:19
PDI : 4901, Attempt To Find Flag 418 Times
PDI : 4901, Flag Is Not Exist!
PDI : 4901, =====================FLAG CHECK END=====================
PDI : 4901, ====================FLAG CHECK START====================
PDI : 4901, CHECK TIME : 2023-08-10 11:36:19
PDI : 4901, Attempt To Find Flag 419 Times
PDI : 4901, Flag Is Not Exist!
PDI : 4901, =====================FLAG CHECK END=====================
PDI : 4901, ====================FLAG CHECK START====================
PDI : 4901, CHECK TIME : 2023-08-10 11:37:19
PDI : 4901, Attempt To Find Flag 420 Times
PDI : 4901, Flag Is Not Exist!
PDI : 4901, =====================FLAG CHECK END=====================
PDI : 4901, ====================FLAG CHECK START====================
PDI : 4901, CHECK TIME : 2023-08-10 11:38:19
PDI : 4901, Attempt To Find Flag 421 Times
PDI : 4901, Flag Is Not Exist!
PDI : 4901, =====================FLAG CHECK END=====================
PDI : 4901, ====================FLAG CHECK START====================
PDI : 4901, CHECK TIME : 2023-08-10 11:39:19
PDI : 4901, Attempt To Find Flag 422 Times
PDI : 4901, Flag Is Not Exist!
PDI : 4901, =====================FLAG CHECK END=====================
PDI : 4901, ====================FLAG CHECK START====================
PDI : 4901, CHECK TIME : 2023-08-10 11:40:19
PDI : 4901, Attempt To Find Flag 423 Times
PDI : 4901, Flag Is Not Exist!
PDI : 4901, =====================FLAG CHECK END=====================
PDI : 4901, ====================FLAG CHECK START====================
PDI : 4901, CHECK TIME : 2023-08-10 11:41:19
PDI : 4901, Attempt To Find Flag 424 Times
PDI : 4901, Flag Is Not Exist!
PDI : 4901, =====================FLAG CHECK END=====================
PDI : 4901, ====================FLAG CHECK START====================
PDI : 4901, CHECK TIME : 2023-08-10 11:42:19
PDI : 4901, Attempt To Find Flag 425 Times
PDI : 4901, Flag Is Not Exist!
PDI : 4901, =====================FLAG CHECK END=====================
PDI : 4901, ====================FLAG CHECK START====================
PDI : 4901, CHECK TIME : 2023-08-10 11:43:19
PDI : 4901, Attempt To Find Flag 426 Times
PDI : 4901, Flag Is Not Exist!
PDI : 4901, =====================FLAG CHECK END=====================
PDI : 4901, ====================FLAG CHECK START====================
PDI : 4901, CHECK TIME : 2023-08-10 11:44:19
PDI : 4901, Attempt To Find Flag 427 Times
PDI : 4901, Flag Is Not Exist!
PDI : 4901, =====================FLAG CHECK END=====================
PDI : 4901, ====================FLAG CHECK START====================
PDI : 4901, CHECK TIME : 2023-08-10 12:00:47
PDI : 4901, Attempt To Find Flag 428 Times
PDI : 4901, Flag Is Not Exist!
PDI : 4901, =====================FLAG CHECK END=====================
PDI : 4901, ====================FLAG CHECK START====================
PDI : 4901, CHECK TIME : 2023-08-10 12:05:26
PDI : 4901, Attempt To Find Flag 429 Times
PDI : 4901, Flag Is Not Exist!
PDI : 4901, =====================FLAG CHECK END=====================
PDI : 4901, ====================FLAG CHECK START====================
PDI : 4901, CHECK TIME : 2023-08-10 12:06:26
PDI : 4901, Attempt To Find Flag 430 Times
PDI : 4901, Flag Is Not Exist!
PDI : 4901, =====================FLAG CHECK END=====================
PDI : 4901, ====================FLAG CHECK START====================
PDI : 4901, CHECK TIME : 2023-08-10 12:07:42
PDI : 4901, Attempt To Find Flag 431 Times
PDI : 4901, Flag Is Not Exist!
PDI : 4901, =====================FLAG CHECK END=====================
PDI : 4901, ====================FLAG CHECK START====================
PDI : 4901, CHECK TIME : 2023-08-10 12:08:42
PDI : 4901, Attempt To Find Flag 432 Times
PDI : 4901, Flag Is Not Exist!
PDI : 4901, =====================FLAG CHECK END=====================
PDI : 4901, ====================FLAG CHECK START====================
PDI : 4901, CHECK TIME : 2023-08-10 12:09:42
PDI : 4901, Attempt To Find Flag 433 Times
PDI : 4901, Flag Is Not Exist!
PDI : 4901, =====================FLAG CHECK END=====================
PDI : 4901, ====================FLAG CHECK START====================
PDI : 4901, CHECK TIME : 2023-08-10 12:10:42
PDI : 4901, Attempt To Find Flag 434 Times
PDI : 4901, Flag Is Not Exist!
PDI : 4901, =====================FLAG CHECK END=====================
PDI : 4901, ====================FLAG CHECK START====================
PDI : 4901, CHECK TIME : 2023-08-10 12:11:42
PDI : 4901, Attempt To Find Flag 435 Times
PDI : 4901, Flag Is Not Exist!
PDI : 4901, =====================FLAG CHECK END=====================
PDI : 4901, ====================FLAG CHECK START====================
PDI : 4901, CHECK TIME : 2023-08-10 12:12:42
PDI : 4901, Attempt To Find Flag 436 Times
PDI : 4901, Flag Is Not Exist!
PDI : 4901, =====================FLAG CHECK END=====================
PDI : 4901, ====================FLAG CHECK START====================
PDI : 4901, CHECK TIME : 2023-08-10 12:13:42
PDI : 4901, Attempt To Find Flag 437 Times
PDI : 4901, Flag Is Not Exist!
PDI : 4901, =====================FLAG CHECK END=====================
PDI : 4901, ====================FLAG CHECK START====================
PDI : 4901, CHECK TIME : 2023-08-10 12:14:42
PDI : 4901, Attempt To Find Flag 438 Times
PDI : 4901, Flag Is Not Exist!
PDI : 4901, =====================FLAG CHECK END=====================
PDI : 4901, ====================FLAG CHECK START====================
PDI : 4901, CHECK TIME : 2023-08-10 12:15:42
PDI : 4901, Attempt To Find Flag 439 Times
PDI : 4901, Flag Is Not Exist!
PDI : 4901, =====================FLAG CHECK END=====================
PDI : 4901, ====================FLAG CHECK START====================
PDI : 4901, CHECK TIME : 2023-08-10 12:16:42
PDI : 4901, Attempt To Find Flag 440 Times
PDI : 4901, Flag Is Not Exist!
PDI : 4901, =====================FLAG CHECK END=====================
PDI : 4901, ====================FLAG CHECK START====================
PDI : 4901, CHECK TIME : 2023-08-10 12:17:43
PDI : 4901, Attempt To Find Flag 441 Times
PDI : 4901, Flag Is Not Exist!
PDI : 4901, =====================FLAG CHECK END=====================
PDI : 4901, ====================FLAG CHECK START====================
PDI : 4901, CHECK TIME : 2023-08-10 12:18:43
PDI : 4901, Attempt To Find Flag 442 Times
PDI : 4901, Flag Is Not Exist!
PDI : 4901, =====================FLAG CHECK END=====================
PDI : 4901, ====================FLAG CHECK START====================
PDI : 4901, CHECK TIME : 2023-08-10 12:19:43
PDI : 4901, Attempt To Find Flag 443 Times
PDI : 4901, Flag Is Not Exist!
PDI : 4901, =====================FLAG CHECK END=====================
PDI : 4901, ====================FLAG CHECK START====================
PDI : 4901, CHECK TIME : 2023-08-10 12:20:43
PDI : 4901, Attempt To Find Flag 444 Times
PDI : 4901, Flag Is Not Exist!
PDI : 4901, =====================FLAG CHECK END=====================
PDI : 4901, ====================FLAG CHECK START====================
PDI : 4901, CHECK TIME : 2023-08-10 12:21:43
PDI : 4901, Attempt To Find Flag 445 Times
PDI : 4901, Flag Is Not Exist!
PDI : 4901, =====================FLAG CHECK END=====================
PDI : 4901, ====================FLAG CHECK START====================
PDI : 4901, CHECK TIME : 2023-08-10 12:22:43
PDI : 4901, Attempt To Find Flag 446 Times
PDI : 4901, Flag Is Not Exist!
PDI : 4901, =====================FLAG CHECK END=====================
PDI : 4901, ====================FLAG CHECK START====================
PDI : 4901, CHECK TIME : 2023-08-10 12:23:43
PDI : 4901, Attempt To Find Flag 447 Times
PDI : 4901, Flag Is Not Exist!
PDI : 4901, =====================FLAG CHECK END=====================
PDI : 4901, ====================FLAG CHECK START====================
PDI : 4901, CHECK TIME : 2023-08-10 12:24:43
PDI : 4901, Attempt To Find Flag 448 Times
PDI : 4901, Flag Is Not Exist!
PDI : 4901, =====================FLAG CHECK END=====================
PDI : 4901, ====================FLAG CHECK START====================
PDI : 4901, CHECK TIME : 2023-08-10 12:25:43
PDI : 4901, Attempt To Find Flag 449 Times
PDI : 4901, Flag Is Not Exist!
PDI : 4901, =====================FLAG CHECK END=====================
PDI : 4901, ====================FLAG CHECK START====================
PDI : 4901, CHECK TIME : 2023-08-10 12:26:43
PDI : 4901, Attempt To Find Flag 450 Times
PDI : 4901, Flag Is Not Exist!
PDI : 4901, =====================FLAG CHECK END=====================
PDI : 4901, ====================FLAG CHECK START====================
PDI : 4901, CHECK TIME : 2023-08-10 12:27:43
PDI : 4901, Attempt To Find Flag 451 Times
PDI : 4901, Flag Is Not Exist!
PDI : 4901, =====================FLAG CHECK END=====================
PDI : 4901, ====================FLAG CHECK START====================
PDI : 4901, CHECK TIME : 2023-08-10 12:28:43
PDI : 4901, Attempt To Find Flag 452 Times
PDI : 4901, Flag Is Not Exist!
PDI : 4901, =====================FLAG CHECK END=====================
PDI : 4901, ====================FLAG CHECK START====================
PDI : 4901, CHECK TIME : 2023-08-10 12:29:43
PDI : 4901, Attempt To Find Flag 453 Times
PDI : 4901, Flag Is Not Exist!
PDI : 4901, =====================FLAG CHECK END=====================
PDI : 4901, ====================FLAG CHECK START====================
PDI : 4901, CHECK TIME : 2023-08-10 12:30:43
PDI : 4901, Attempt To Find Flag 454 Times
PDI : 4901, Flag Is Not Exist!
PDI : 4901, =====================FLAG CHECK END=====================
PDI : 4901, ====================FLAG CHECK START====================
PDI : 4901, CHECK TIME : 2023-08-10 12:31:44
PDI : 4901, Attempt To Find Flag 455 Times
PDI : 4901, Flag Is Not Exist!
PDI : 4901, =====================FLAG CHECK END=====================
PDI : 4901, ====================FLAG CHECK START====================
PDI : 4901, CHECK TIME : 2023-08-10 12:32:44
PDI : 4901, Attempt To Find Flag 456 Times
PDI : 4901, Flag Is Not Exist!
PDI : 4901, =====================FLAG CHECK END=====================
PDI : 4901, ====================FLAG CHECK START====================
PDI : 4901, CHECK TIME : 2023-08-10 12:33:44
PDI : 4901, Attempt To Find Flag 457 Times
PDI : 4901, Flag Is Not Exist!
PDI : 4901, =====================FLAG CHECK END=====================
PDI : 4901, ====================FLAG CHECK START====================
PDI : 4901, CHECK TIME : 2023-08-10 12:34:44
PDI : 4901, Attempt To Find Flag 458 Times
PDI : 4901, Flag Is Not Exist!
PDI : 4901, =====================FLAG CHECK END=====================
PDI : 4901, ====================FLAG CHECK START====================
PDI : 4901, CHECK TIME : 2023-08-10 12:35:44
PDI : 4901, Attempt To Find Flag 459 Times
PDI : 4901, Flag Is Not Exist!
PDI : 4901, =====================FLAG CHECK END=====================
PDI : 4901, ====================FLAG CHECK START====================
PDI : 4901, CHECK TIME : 2023-08-10 12:36:44
PDI : 4901, Attempt To Find Flag 460 Times
PDI : 4901, Flag Is Not Exist!
PDI : 4901, =====================FLAG CHECK END=====================
PDI : 4901, ====================FLAG CHECK START====================
PDI : 4901, CHECK TIME : 2023-08-10 12:37:44
PDI : 4901, Attempt To Find Flag 461 Times
PDI : 4901, Flag Is Not Exist!
PDI : 4901, =====================FLAG CHECK END=====================
PDI : 4901, ====================FLAG CHECK START====================
PDI : 4901, CHECK TIME : 2023-08-10 12:54:02
PDI : 4901, Attempt To Find Flag 462 Times
PDI : 4901, Flag Is Not Exist!
PDI : 4901, =====================FLAG CHECK END=====================
PDI : 4901, ====================FLAG CHECK START====================
PDI : 4901, CHECK TIME : 2023-08-10 12:55:02
PDI : 4901, Attempt To Find Flag 463 Times
PDI : 4901, Flag Is Not Exist!
PDI : 4901, =====================FLAG CHECK END=====================
PDI : 4901, ====================FLAG CHECK START====================
PDI : 4901, CHECK TIME : 2023-08-10 12:56:03
PDI : 4901, Attempt To Find Flag 464 Times
PDI : 4901, Flag Is Not Exist!
PDI : 4901, =====================FLAG CHECK END=====================
PDI : 4901, ====================FLAG CHECK START====================
PDI : 4901, CHECK TIME : 2023-08-10 12:57:03
PDI : 4901, Attempt To Find Flag 465 Times
PDI : 4901, Flag Is Not Exist!
PDI : 4901, =====================FLAG CHECK END=====================
PDI : 4901, ====================FLAG CHECK START====================
PDI : 4901, CHECK TIME : 2023-08-10 12:58:03
PDI : 4901, Attempt To Find Flag 466 Times
PDI : 4901, Flag Is Not Exist!
PDI : 4901, =====================FLAG CHECK END=====================
PDI : 4901, ====================FLAG CHECK START====================
PDI : 4901, CHECK TIME : 2023-08-10 12:59:03
PDI : 4901, Attempt To Find Flag 467 Times
PDI : 4901, Flag Is Not Exist!
PDI : 4901, =====================FLAG CHECK END=====================
PDI : 4901, ====================FLAG CHECK START====================
PDI : 4901, CHECK TIME : 2023-08-10 13:00:03
PDI : 4901, Attempt To Find Flag 468 Times
PDI : 4901, Flag Is Not Exist!
PDI : 4901, =====================FLAG CHECK END=====================
PDI : 4901, ====================FLAG CHECK START====================
PDI : 4901, CHECK TIME : 2023-08-10 13:01:03
PDI : 4901, Attempt To Find Flag 469 Times
PDI : 4901, Flag Is Not Exist!
PDI : 4901, =====================FLAG CHECK END=====================
PDI : 4901, ====================FLAG CHECK START====================
PDI : 4901, CHECK TIME : 2023-08-10 13:02:03
PDI : 4901, Attempt To Find Flag 470 Times
PDI : 4901, Flag Is Not Exist!
PDI : 4901, =====================FLAG CHECK END=====================
PDI : 4901, ====================FLAG CHECK START====================
PDI : 4901, CHECK TIME : 2023-08-10 13:03:03
PDI : 4901, Attempt To Find Flag 471 Times
PDI : 4901, Flag Is Not Exist!
PDI : 4901, =====================FLAG CHECK END=====================
PDI : 4901, ====================FLAG CHECK START====================
